{
  "RSpec": {
    "coverage": {
      "/home/raphael/code/engineering-team-workflow/team-maker-api/app/models/period.rb": [
        1,
        1,
        null
      ],
      "/home/raphael/code/engineering-team-workflow/team-maker-api/app/models/application_record.rb": [
        1,
        1,
        null
      ],
      "/home/raphael/code/engineering-team-workflow/team-maker-api/app/models/project.rb": [
        1,
        1,
        null,
        1,
        null,
        1,
        null
      ],
      "/home/raphael/code/engineering-team-workflow/team-maker-api/app/models/project_status.rb": [
        1,
        1,
        null,
        1,
        null
      ],
      "/home/raphael/code/engineering-team-workflow/team-maker-api/app/models/resource.rb": [
        1,
        1,
        null,
        1,
        null,
        1,
        1,
        null
      ],
      "/home/raphael/code/engineering-team-workflow/team-maker-api/app/models/resource_type.rb": [
        1,
        1,
        null,
        1,
        null
      ],
      "/home/raphael/code/engineering-team-workflow/team-maker-api/app/models/role.rb": [
        1,
        1,
        null,
        1,
        null
      ],
      "/home/raphael/code/engineering-team-workflow/team-maker-api/app/models/schedule.rb": [
        1,
        1,
        1,
        1,
        1,
        null
      ],
      "/home/raphael/code/engineering-team-workflow/team-maker-api/app/models/schedule_type.rb": [
        1,
        1,
        null,
        1,
        null
      ],
      "/home/raphael/code/engineering-team-workflow/team-maker-api/app/channels/application_cable/channel.rb": [
        0,
        0,
        0,
        0
      ],
      "/home/raphael/code/engineering-team-workflow/team-maker-api/app/channels/application_cable/connection.rb": [
        0,
        0,
        0,
        0
      ],
      "/home/raphael/code/engineering-team-workflow/team-maker-api/app/jobs/application_job.rb": [
        0,
        0
      ],
      "/home/raphael/code/engineering-team-workflow/team-maker-api/app/mailers/application_mailer.rb": [
        0,
        0,
        0,
        0
      ],
      "/home/raphael/code/engineering-team-workflow/team-maker-api/app/controllers/application_controller.rb": [
        0,
        0
      ]
    },
    "timestamp": 1544397337
  }
}
