{
  "RSpec": {
    "coverage": {
      "/home/raphael/code/engineering-team-workflow/team-maker-api/app/models/resource_type.rb": [
        1,
        1,
        null
      ],
      "/home/raphael/code/engineering-team-workflow/team-maker-api/app/models/application_record.rb": [
        1,
        1,
        null
      ],
      "/home/raphael/code/engineering-team-workflow/team-maker-api/app/channels/application_cable/channel.rb": [
        0,
        0,
        0,
        0
      ],
      "/home/raphael/code/engineering-team-workflow/team-maker-api/app/channels/application_cable/connection.rb": [
        0,
        0,
        0,
        0
      ],
      "/home/raphael/code/engineering-team-workflow/team-maker-api/app/jobs/application_job.rb": [
        0,
        0
      ],
      "/home/raphael/code/engineering-team-workflow/team-maker-api/app/mailers/application_mailer.rb": [
        0,
        0,
        0,
        0
      ],
      "/home/raphael/code/engineering-team-workflow/team-maker-api/app/controllers/application_controller.rb": [
        0,
        0
      ]
    },
    "timestamp": 1544392894
  }
}
